<?xml version="1.0" encoding="UTF-8"?>
<testsuite name="HashTableApplicationTest" tests="1" skipped="0" failures="0" errors="0" timestamp="2023-05-25T08:45:10" hostname="AMPACADEMY-AUTI" time="0.023">
  <properties/>
  <testcase name="methodTest2_no_nonRepeatingCharacter()" classname="HashTableApplicationTest" time="0.023"/>
  <system-out><![CDATA[]]></system-out>
  <system-err><![CDATA[]]></system-err>
</testsuite>
