<?xml version="1.0" encoding="UTF-8"?>
<testsuite name="StacksAndQueuesTest" tests="1" skipped="0" failures="0" errors="0" timestamp="2023-05-04T07:38:32" hostname="AMPACADEMY-AUTI" time="0.023">
  <properties/>
  <testcase name="isValid_returnsTrue()" classname="StacksAndQueuesTest" time="0.023"/>
  <system-out><![CDATA[]]></system-out>
  <system-err><![CDATA[]]></system-err>
</testsuite>
