<?xml version="1.0" encoding="UTF-8"?>
<testsuite name="RecursiveTest" tests="2" skipped="0" failures="0" errors="0" timestamp="2023-05-10T08:16:28" hostname="AMPACADEMY-AUTI" time="0.039">
  <properties/>
  <testcase name="searchValue_returnsFalse()" classname="RecursiveTest" time="0.036"/>
  <testcase name="searchValue_returnsTrue()" classname="RecursiveTest" time="0.002"/>
  <system-out><![CDATA[]]></system-out>
  <system-err><![CDATA[]]></system-err>
</testsuite>
