<?xml version="1.0" encoding="UTF-8"?>
<testsuite name="BubbleSortTest" tests="1" skipped="0" failures="0" errors="0" timestamp="2023-05-25T07:54:53" hostname="AMPACADEMY-AUTI" time="0.025">
  <properties/>
  <testcase name="bubbleSortTest3_arrayEqual()" classname="BubbleSortTest" time="0.025"/>
  <system-out><![CDATA[]]></system-out>
  <system-err><![CDATA[]]></system-err>
</testsuite>
